#
# There is insufficient memory for the Java Runtime Environment to continue.
# Native memory allocation (malloc) failed to allocate 1048576 bytes. Error detail: AllocateHeap
# Possible reasons:
#   The system is out of physical RAM or swap space
#   This process is running with CompressedOops enabled, and the Java Heap may be blocking the growth of the native heap
# Possible solutions:
#   Reduce memory load on the system
#   Increase physical memory or swap space
#   Check if swap backing store is full
#   Decrease Java heap size (-Xmx/-Xms)
#   Decrease number of Java threads
#   Decrease Java thread stack sizes (-Xss)
#   Set larger code cache with -XX:ReservedCodeCacheSize=
#   JVM is running with Unscaled Compressed Oops mode in which the Java heap is
#     placed in the first 4GB address space. The Java Heap base address is the
#     maximum limit for the native heap growth. Please use -XX:HeapBaseMinAddress
#     to set the Java Heap base and to place the Java Heap above 4GB virtual address.
# This output file may be truncated or incomplete.
#
#  Out of Memory Error (allocation.cpp:44), pid=6840, tid=11412
#
# JRE version: OpenJDK Runtime Environment Temurin-21.0.9+10 (21.0.9+10) (build 21.0.9+10-LTS)
# Java VM: OpenJDK 64-Bit Server VM Temurin-21.0.9+10 (21.0.9+10-LTS, mixed mode, sharing, tiered, compressed oops, compressed class ptrs, parallel gc, windows-amd64)
# No core dump will be written. Minidumps are not enabled by default on client versions of Windows
#

---------------  S U M M A R Y ------------

Command Line: --add-modules=ALL-SYSTEM --add-opens=java.base/java.util=ALL-UNNAMED --add-opens=java.base/java.lang=ALL-UNNAMED --add-opens=java.base/sun.nio.fs=ALL-UNNAMED -Declipse.application=org.eclipse.jdt.ls.core.id1 -Dosgi.bundles.defaultStartLevel=4 -Declipse.product=org.eclipse.jdt.ls.core.product -Djava.import.generatesMetadataFilesAtProjectRoot=false -DDetectVMInstallationsJob.disabled=true -Dfile.encoding=utf8 -XX:+UseParallelGC -XX:GCTimeRatio=4 -XX:AdaptiveSizePolicyWeight=90 -Dsun.zip.disableMemoryMapping=true -Xmx2G -Xms100m -Xlog:disable -javaagent:c:\Users\27340\.vscode\extensions\redhat.java-1.50.0-win32-x64\lombok\lombok-1.18.39-4050.jar -XX:+HeapDumpOnOutOfMemoryError -XX:HeapDumpPath=c:\Users\27340\AppData\Roaming\Code\User\workspaceStorage\9acc619dd0e5085f1188d10a33151218\redhat.java -Daether.dependencyCollector.impl=bf c:\Users\27340\.vscode\extensions\redhat.java-1.50.0-win32-x64\server\plugins\org.eclipse.equinox.launcher_1.7.100.v20251111-0406.jar -configuration c:\Users\27340\AppData\Roaming\Code\User\globalStorage\redhat.java\1.50.0\config_win -data c:\Users\27340\AppData\Roaming\Code\User\workspaceStorage\9acc619dd0e5085f1188d10a33151218\redhat.java\jdt_ws --pipe=\\.\pipe\lsp-e8898bb8febab2308dc6ce582756f6c3-sock

Host: 13th Gen Intel(R) Core(TM) i5-13500H, 16 cores, 15G,  Windows 11 , 64 bit Build 26100 (10.0.26100.7309)
Time: Mon Dec 29 19:58:38 2025 elapsed time: 77879.073124 seconds (0d 21h 37m 59s)

---------------  T H R E A D  ---------------

Current thread (0x0000019417e6a070):  JavaThread "Attach Listener" daemon [_thread_in_vm, id=11412, stack(0x0000004577100000,0x0000004577200000) (1024K)]

Stack: [0x0000004577100000,0x0000004577200000]
Native frames: (J=compiled Java code, j=interpreted, Vv=VM code, C=native code)
V  [jvm.dll+0x6d6e29]
V  [jvm.dll+0x8b4b76]
V  [jvm.dll+0x8b712e]
V  [jvm.dll+0x8b7813]
V  [jvm.dll+0x283d86]
V  [jvm.dll+0xc1277]
V  [jvm.dll+0x6d76d9]
V  [jvm.dll+0x133466]
V  [jvm.dll+0x3f7ea6]
V  [jvm.dll+0x85e9ad]
V  [jvm.dll+0x6d565d]
C  [ucrtbase.dll+0x37b0]
C  [KERNEL32.DLL+0x2e8d7]
C  [ntdll.dll+0x8c53c]


---------------  P R O C E S S  ---------------

Threads class SMR info:
_java_thread_list=0x0000019423eed580, length=43, elements={
0x00000193bce5e3c0, 0x00000193bf04b8d0, 0x0000019417e64fb0, 0x0000019417e68390,
0x0000019417e6a070, 0x0000019417e6bf80, 0x0000019417e6df30, 0x0000019417e74410,
0x0000019417e81220, 0x00000194180b89f0, 0x0000019419978750, 0x0000019419d6ea60,
0x000001941e5f4940, 0x00000194198b28f0, 0x000001941e1a06f0, 0x000001941e62c190,
0x000001941e87f4b0, 0x000001941e77a9b0, 0x000001941e778f70, 0x000001941e7788e0,
0x0000019421716000, 0x0000019421717a40, 0x00000194217152e0, 0x0000019421716690,
0x0000019421716d20, 0x00000194217173b0, 0x00000194217145c0, 0x000001942171a1a0,
0x0000019421719b10, 0x000001942171a830, 0x0000019421718df0, 0x0000019421718760,
0x000001942171b550, 0x000001942171aec0, 0x00000194217180d0, 0x0000019421719480,
0x000001942171bbe0, 0x0000019421545100, 0x0000019421546b40, 0x0000019421544a70,
0x00000194220b48e0, 0x00000194220b8a80, 0x00000194220b76d0
}

Java Threads: ( => current thread )
  0x00000193bce5e3c0 JavaThread "main"                              [_thread_blocked, id=15516, stack(0x0000004576a00000,0x0000004576b00000) (1024K)]
  0x00000193bf04b8d0 JavaThread "Reference Handler"          daemon [_thread_blocked, id=10336, stack(0x0000004576e00000,0x0000004576f00000) (1024K)]
  0x0000019417e64fb0 JavaThread "Finalizer"                  daemon [_thread_blocked, id=2508, stack(0x0000004576f00000,0x0000004577000000) (1024K)]
  0x0000019417e68390 JavaThread "Signal Dispatcher"          daemon [_thread_blocked, id=20948, stack(0x0000004577000000,0x0000004577100000) (1024K)]
=>0x0000019417e6a070 JavaThread "Attach Listener"            daemon [_thread_in_vm, id=11412, stack(0x0000004577100000,0x0000004577200000) (1024K)]
  0x0000019417e6bf80 JavaThread "Service Thread"             daemon [_thread_blocked, id=13412, stack(0x0000004577200000,0x0000004577300000) (1024K)]
  0x0000019417e6df30 JavaThread "Monitor Deflation Thread"   daemon [_thread_blocked, id=7432, stack(0x0000004577300000,0x0000004577400000) (1024K)]
  0x0000019417e74410 JavaThread "C2 CompilerThread0"         daemon [_thread_blocked, id=6460, stack(0x0000004577400000,0x0000004577500000) (1024K)]
  0x0000019417e81220 JavaThread "C1 CompilerThread0"         daemon [_thread_blocked, id=11000, stack(0x0000004577500000,0x0000004577600000) (1024K)]
  0x00000194180b89f0 JavaThread "Common-Cleaner"             daemon [_thread_blocked, id=18680, stack(0x0000004577b00000,0x0000004577c00000) (1024K)]
  0x0000019419978750 JavaThread "Notification Thread"        daemon [_thread_blocked, id=5184, stack(0x0000004577c00000,0x0000004577d00000) (1024K)]
  0x0000019419d6ea60 JavaThread "Active Thread: Equinox Container: 0cbe07c7-2d5a-4538-800d-c3462093780b"        [_thread_blocked, id=4368, stack(0x0000004578600000,0x0000004578700000) (1024K)]
  0x000001941e5f4940 JavaThread "Refresh Thread: Equinox Container: 0cbe07c7-2d5a-4538-800d-c3462093780b" daemon [_thread_blocked, id=15940, stack(0x0000004578400000,0x0000004578500000) (1024K)]
  0x00000194198b28f0 JavaThread "Framework Event Dispatcher: Equinox Container: 0cbe07c7-2d5a-4538-800d-c3462093780b" daemon [_thread_blocked, id=5380, stack(0x0000004578700000,0x0000004578800000) (1024K)]
  0x000001941e1a06f0 JavaThread "Start Level: Equinox Container: 0cbe07c7-2d5a-4538-800d-c3462093780b" daemon [_thread_blocked, id=16956, stack(0x0000004578800000,0x0000004578900000) (1024K)]
  0x000001941e62c190 JavaThread "Bundle File Closer"         daemon [_thread_blocked, id=8400, stack(0x0000004578c00000,0x0000004578d00000) (1024K)]
  0x000001941e87f4b0 JavaThread "SCR Component Actor"        daemon [_thread_blocked, id=13488, stack(0x0000004578300000,0x0000004578400000) (1024K)]
  0x000001941e77a9b0 JavaThread "Worker-JM"                         [_thread_blocked, id=2388, stack(0x0000004578e00000,0x0000004578f00000) (1024K)]
  0x000001941e778f70 JavaThread "JNA Cleaner"                daemon [_thread_blocked, id=5040, stack(0x0000004579100000,0x0000004579200000) (1024K)]
  0x000001941e7788e0 JavaThread "Java indexing"              daemon [_thread_blocked, id=5800, stack(0x0000004579600000,0x0000004579700000) (1024K)]
  0x0000019421716000 JavaThread "Thread-1"                   daemon [_thread_in_native, id=20560, stack(0x0000004579e00000,0x0000004579f00000) (1024K)]
  0x0000019421717a40 JavaThread "Thread-2"                   daemon [_thread_in_native, id=4104, stack(0x0000004579f00000,0x000000457a000000) (1024K)]
  0x00000194217152e0 JavaThread "Thread-3"                   daemon [_thread_in_native, id=4264, stack(0x000000457a000000,0x000000457a100000) (1024K)]
  0x0000019421716690 JavaThread "Thread-4"                   daemon [_thread_in_native, id=10012, stack(0x000000457a100000,0x000000457a200000) (1024K)]
  0x0000019421716d20 JavaThread "Thread-5"                   daemon [_thread_in_native, id=20044, stack(0x000000457a200000,0x000000457a300000) (1024K)]
  0x00000194217173b0 JavaThread "Thread-6"                   daemon [_thread_in_native, id=17768, stack(0x000000457a300000,0x000000457a400000) (1024K)]
  0x00000194217145c0 JavaThread "Thread-7"                   daemon [_thread_in_native, id=14944, stack(0x000000457a400000,0x000000457a500000) (1024K)]
  0x000001942171a1a0 JavaThread "Thread-8"                   daemon [_thread_in_native, id=14544, stack(0x000000457a500000,0x000000457a600000) (1024K)]
  0x0000019421719b10 JavaThread "Thread-9"                   daemon [_thread_in_native, id=17192, stack(0x000000457a600000,0x000000457a700000) (1024K)]
  0x000001942171a830 JavaThread "Thread-10"                  daemon [_thread_in_native, id=7660, stack(0x000000457a700000,0x000000457a800000) (1024K)]
  0x0000019421718df0 JavaThread "Thread-11"                  daemon [_thread_in_native, id=10844, stack(0x000000457a800000,0x000000457a900000) (1024K)]
  0x0000019421718760 JavaThread "Thread-12"                  daemon [_thread_in_native, id=15772, stack(0x000000457a900000,0x000000457aa00000) (1024K)]
  0x000001942171b550 JavaThread "Thread-13"                  daemon [_thread_in_native, id=3828, stack(0x000000457aa00000,0x000000457ab00000) (1024K)]
  0x000001942171aec0 JavaThread "Thread-14"                  daemon [_thread_in_native, id=19344, stack(0x000000457ab00000,0x000000457ac00000) (1024K)]
  0x00000194217180d0 JavaThread "Thread-15"                  daemon [_thread_in_native, id=1704, stack(0x000000457ac00000,0x000000457ad00000) (1024K)]
  0x0000019421719480 JavaThread "Thread-16"                  daemon [_thread_in_native, id=3624, stack(0x000000457ad00000,0x000000457ae00000) (1024K)]
  0x000001942171bbe0 JavaThread "Thread-17"                  daemon [_thread_in_native, id=19908, stack(0x000000457ae00000,0x000000457af00000) (1024K)]
  0x0000019421545100 JavaThread "pool-2-thread-1"                   [_thread_blocked, id=20204, stack(0x000000457af00000,0x000000457b000000) (1024K)]
  0x0000019421546b40 JavaThread "WorkspaceEventsHandler"            [_thread_blocked, id=12684, stack(0x000000457b000000,0x000000457b100000) (1024K)]
  0x0000019421544a70 JavaThread "pool-1-thread-1"                   [_thread_blocked, id=13556, stack(0x000000457b100000,0x000000457b200000) (1024K)]
  0x00000194220b48e0 JavaThread "Cleaner-0"                  daemon [_thread_blocked, id=20460, stack(0x000000457c100000,0x000000457c200000) (1024K)]
  0x00000194220b8a80 JavaThread "Worker-22"                         [_thread_blocked, id=37552, stack(0x0000004578f00000,0x0000004579000000) (1024K)]
  0x00000194220b76d0 JavaThread "Worker-23"                         [_thread_blocked, id=41716, stack(0x0000004577800000,0x0000004577900000) (1024K)]
Total: 43

Other Threads:
  0x00000193bf1577f0 VMThread "VM Thread"                           [id=5192, stack(0x0000004576d00000,0x0000004576e00000) (1024K)]
  0x00000193bef3ca00 WatcherThread "VM Periodic Task Thread"        [id=9356, stack(0x0000004576c00000,0x0000004576d00000) (1024K)]
  0x00000193bf0d0120 WorkerThread "GC Thread#0"                     [id=8408, stack(0x0000004576b00000,0x0000004576c00000) (1024K)]
  0x0000019419e95740 WorkerThread "GC Thread#1"                     [id=20196, stack(0x0000004577d00000,0x0000004577e00000) (1024K)]
  0x0000019419e95ee0 WorkerThread "GC Thread#2"                     [id=12372, stack(0x0000004577e00000,0x0000004577f00000) (1024K)]
  0x000001941999bf90 WorkerThread "GC Thread#3"                     [id=13624, stack(0x0000004577f00000,0x0000004578000000) (1024K)]
  0x000001941999c330 WorkerThread "GC Thread#4"                     [id=8548, stack(0x0000004578000000,0x0000004578100000) (1024K)]
  0x000001941999c6d0 WorkerThread "GC Thread#5"                     [id=2548, stack(0x0000004578100000,0x0000004578200000) (1024K)]
  0x0000019419adc7b0 WorkerThread "GC Thread#6"                     [id=7860, stack(0x0000004578200000,0x0000004578300000) (1024K)]
  0x000001941e2062c0 WorkerThread "GC Thread#7"                     [id=16900, stack(0x0000004578500000,0x0000004578600000) (1024K)]
  0x000001941e3b5770 WorkerThread "GC Thread#8"                     [id=9492, stack(0x0000004578900000,0x0000004578a00000) (1024K)]
  0x000001941e3b6990 WorkerThread "GC Thread#9"                     [id=6356, stack(0x0000004578a00000,0x0000004578b00000) (1024K)]
  0x000001941e3b65f0 WorkerThread "GC Thread#10"                    [id=13888, stack(0x0000004578b00000,0x0000004578c00000) (1024K)]
  0x000001941e3b6d30 WorkerThread "GC Thread#11"                    [id=18416, stack(0x0000004578d00000,0x0000004578e00000) (1024K)]
  0x000001941e3b5eb0 WorkerThread "GC Thread#12"                    [id=14632, stack(0x0000004577a00000,0x0000004577b00000) (1024K)]
Total: 15

Threads with active compile tasks:
Total: 0

VM state: not at safepoint (normal execution)

VM Mutex/Monitor currently owned by a thread: None

Heap address: 0x0000000080000000, size: 2048 MB, Compressed Oops mode: 32-bit

CDS archive(s) mapped at: [0x00000193d6000000-0x00000193d6ba0000-0x00000193d6ba0000), size 12189696, SharedBaseAddress: 0x00000193d6000000, ArchiveRelocationMode: 1.
Compressed class space mapped at: 0x00000193d7000000-0x0000019417000000, reserved size: 1073741824
Narrow klass base: 0x00000193d6000000, Narrow klass shift: 0, Narrow klass range: 0x100000000

GC Precious Log:
 CardTable entry size: 512
 CPUs: 16 total, 16 available
 Memory: 16108M
 Large Page Support: Disabled
 NUMA Support: Disabled
 Compressed Oops: Enabled (32-bit)
 Alignments: Space 512K, Generation 512K, Heap 2M
 Heap Min Capacity: 100M
 Heap Initial Capacity: 100M
 Heap Max Capacity: 2G
 Pre-touch: Disabled
 Parallel Workers: 13

Heap:
 PSYoungGen      total 2048K, used 835K [0x00000000d5580000, 0x00000000d5900000, 0x0000000100000000)
  eden space 1536K, 31% used [0x00000000d5580000,0x00000000d55f8f58,0x00000000d5700000)
  from space 512K, 68% used [0x00000000d5880000,0x00000000d58d8000,0x00000000d5900000)
  to   space 512K, 0% used [0x00000000d5800000,0x00000000d5800000,0x00000000d5880000)
 ParOldGen       total 1074176K, used 1074001K [0x0000000080000000, 0x00000000c1900000, 0x00000000d5580000)
  object space 1074176K, 99% used [0x0000000080000000,0x00000000c18d47a0,0x00000000c1900000)
 Metaspace       used 76965K, committed 78464K, reserved 1179648K
  class space    used 7665K, committed 8320K, reserved 1048576K

Card table byte_map: [0x00000193bea50000,0x00000193bee60000] _byte_map_base: 0x00000193be650000

Marking Bits: (ParMarkBitMap*) 0x00007fff60f32460
 Begin Bits: [0x00000193d1560000, 0x00000193d3560000)
 End Bits:   [0x00000193d3560000, 0x00000193d5560000)

Polling page: 0x00000193bd050000

Metaspace:

Usage:
  Non-class:     67.68 MB used.
      Class:      7.49 MB used.
       Both:     75.16 MB used.

Virtual space:
  Non-class space:      128.00 MB reserved,      68.50 MB ( 54%) committed,  2 nodes.
      Class space:        1.00 GB reserved,       8.12 MB ( <1%) committed,  1 nodes.
             Both:        1.12 GB reserved,      76.62 MB (  7%) committed. 

Chunk freelists:
   Non-Class:  11.14 MB
       Class:  7.92 MB
        Both:  19.06 MB

MaxMetaspaceSize: unlimited
CompressedClassSpaceSize: 1.00 GB
Initial GC threshold: 21.00 MB
Current GC threshold: 121.50 MB
CDS: on
 - commit_granule_bytes: 65536.
 - commit_granule_words: 8192.
 - virtual_space_node_default_size: 8388608.
 - enlarge_chunks_in_place: 1.
 - use_allocation_guard: 0.


Internal statistics:

num_allocs_failed_limit: 13.
num_arena_births: 1712.
num_arena_deaths: 530.
num_vsnodes_births: 3.
num_vsnodes_deaths: 0.
num_space_committed: 1225.
num_space_uncommitted: 0.
num_chunks_returned_to_freelist: 677.
num_chunks_taken_from_freelist: 5832.
num_chunk_merges: 233.
num_chunk_splits: 3270.
num_chunks_enlarged: 1713.
num_inconsistent_stats: 0.

CodeHeap 'non-profiled nmethods': size=119168Kb used=19887Kb max_used=19887Kb free=99280Kb
 bounds [0x00000193c9e50000, 0x00000193cb1c0000, 0x00000193d12b0000]
CodeHeap 'profiled nmethods': size=119104Kb used=47809Kb max_used=47809Kb free=71294Kb
 bounds [0x00000193c22b0000, 0x00000193c5170000, 0x00000193c9700000]
CodeHeap 'non-nmethods': size=7488Kb used=1479Kb max_used=3297Kb free=6008Kb
 bounds [0x00000193c9700000, 0x00000193c9a50000, 0x00000193c9e50000]
CodeCache: size=245760Kb, used=69175Kb, max_used=70993Kb, free=176582Kb
 total_blobs=19836, nmethods=19046, adapters=690, full_count=0
Compilation: enabled, stopped_count=0, restarted_count=0

Compilation events (20 events):
Event: 77373.381 Thread 0x0000019417e74410 21771       4       java.util.concurrent.atomic.AtomicLong::updateAndGet (59 bytes)
Event: 77373.393 Thread 0x0000019417e74410 nmethod 21771 0x00000193cb1ba890 code [0x00000193cb1baa20, 0x00000193cb1babc0]
Event: 77616.809 Thread 0x0000019417e81220 21772       3       java.nio.Bits::unreserveMemory (64 bytes)
Event: 77616.817 Thread 0x0000019417e81220 nmethod 21772 0x00000193c515f690 code [0x00000193c515f860, 0x00000193c515fa30]
Event: 77616.899 Thread 0x0000019417e74410 21773       4       org.eclipse.core.internal.resources.ResourceInfo::set (11 bytes)
Event: 77616.903 Thread 0x0000019417e74410 nmethod 21773 0x00000193cb1bad90 code [0x00000193cb1baf20, 0x00000193cb1bafb0]
Event: 77616.946 Thread 0x0000019417e74410 21774       4       java.util.Collections$SingletonMap::get (20 bytes)
Event: 77616.956 Thread 0x0000019417e74410 nmethod 21774 0x00000193cb1bb090 code [0x00000193cb1bb220, 0x00000193cb1bb468]
Event: 77617.145 Thread 0x0000019417e81220 21775       3       org.eclipse.core.resources.IncrementalProjectBuilder::getProject (5 bytes)
Event: 77617.150 Thread 0x0000019417e81220 nmethod 21775 0x00000193c515fb90 code [0x00000193c515fd40, 0x00000193c515ff18]
Event: 77617.150 Thread 0x0000019417e81220 21776       3       org.eclipse.core.internal.events.InternalBuilder::getProject (10 bytes)
Event: 77617.150 Thread 0x0000019417e81220 nmethod 21776 0x00000193c5160010 code [0x00000193c51601c0, 0x00000193c5160340]
Event: 77617.720 Thread 0x0000019417e81220 21777       1       org.eclipse.jdt.core.compiler.CompilationParticipant::isAnnotationProcessor (2 bytes)
Event: 77617.720 Thread 0x0000019417e81220 nmethod 21777 0x00000193cb1bb590 code [0x00000193cb1bb720, 0x00000193cb1bb7e8]
Event: 77617.720 Thread 0x0000019417e81220 21778       1       org.eclipse.jdt.apt.core.internal.AptCompilationParticipant::isAnnotationProcessor (2 bytes)
Event: 77617.721 Thread 0x0000019417e81220 nmethod 21778 0x00000193cb1bb890 code [0x00000193cb1bba20, 0x00000193cb1bbae8]
Event: 77617.818 Thread 0x0000019417e81220 21779       1       org.apache.maven.execution.DefaultMavenExecutionRequest::getWorkspaceReader (5 bytes)
Event: 77617.819 Thread 0x0000019417e81220 nmethod 21779 0x00000193cb1bbb90 code [0x00000193cb1bbd20, 0x00000193cb1bbde8]
Event: 77617.821 Thread 0x0000019417e81220 21780       3       java.lang.ThreadLocal$ThreadLocalMap::setThreshold (10 bytes)
Event: 77617.822 Thread 0x0000019417e81220 nmethod 21780 0x00000193c5160410 code [0x00000193c51605a0, 0x00000193c51606d8]

GC Heap History (20 events):
Event: 77080.018 GC heap before
{Heap before GC invocations=1241 (full 4):
 PSYoungGen      total 2048K, used 1888K [0x00000000d5580000, 0x00000000d5900000, 0x0000000100000000)
  eden space 1536K, 100% used [0x00000000d5580000,0x00000000d5700000,0x00000000d5700000)
  from space 512K, 68% used [0x00000000d5880000,0x00000000d58d8000,0x00000000d5900000)
  to   space 512K, 0% used [0x00000000d5800000,0x00000000d5800000,0x00000000d5880000)
 ParOldGen       total 1073152K, used 1072953K [0x0000000080000000, 0x00000000c1800000, 0x00000000d5580000)
  object space 1073152K, 99% used [0x0000000080000000,0x00000000c17ce740,0x00000000c1800000)
 Metaspace       used 76960K, committed 78464K, reserved 1179648K
  class space    used 7664K, committed 8320K, reserved 1048576K
}
Event: 77080.020 GC heap after
{Heap after GC invocations=1241 (full 4):
 PSYoungGen      total 2048K, used 320K [0x00000000d5580000, 0x00000000d5900000, 0x0000000100000000)
  eden space 1536K, 0% used [0x00000000d5580000,0x00000000d5580000,0x00000000d5700000)
  from space 512K, 62% used [0x00000000d5800000,0x00000000d5850000,0x00000000d5880000)
  to   space 512K, 0% used [0x00000000d5880000,0x00000000d5880000,0x00000000d5900000)
 ParOldGen       total 1073152K, used 1073057K [0x0000000080000000, 0x00000000c1800000, 0x00000000d5580000)
  object space 1073152K, 99% used [0x0000000080000000,0x00000000c17e8740,0x00000000c1800000)
 Metaspace       used 76960K, committed 78464K, reserved 1179648K
  class space    used 7664K, committed 8320K, reserved 1048576K
}
Event: 77080.084 GC heap before
{Heap before GC invocations=1242 (full 4):
 PSYoungGen      total 2048K, used 1856K [0x00000000d5580000, 0x00000000d5900000, 0x0000000100000000)
  eden space 1536K, 100% used [0x00000000d5580000,0x00000000d5700000,0x00000000d5700000)
  from space 512K, 62% used [0x00000000d5800000,0x00000000d5850000,0x00000000d5880000)
  to   space 512K, 0% used [0x00000000d5880000,0x00000000d5880000,0x00000000d5900000)
 ParOldGen       total 1073152K, used 1073057K [0x0000000080000000, 0x00000000c1800000, 0x00000000d5580000)
  object space 1073152K, 99% used [0x0000000080000000,0x00000000c17e8740,0x00000000c1800000)
 Metaspace       used 76960K, committed 78464K, reserved 1179648K
  class space    used 7664K, committed 8320K, reserved 1048576K
}
Event: 77080.090 GC heap after
{Heap after GC invocations=1242 (full 4):
 PSYoungGen      total 2048K, used 288K [0x00000000d5580000, 0x00000000d5900000, 0x0000000100000000)
  eden space 1536K, 0% used [0x00000000d5580000,0x00000000d5580000,0x00000000d5700000)
  from space 512K, 56% used [0x00000000d5880000,0x00000000d58c8000,0x00000000d5900000)
  to   space 512K, 0% used [0x00000000d5800000,0x00000000d5800000,0x00000000d5880000)
 ParOldGen       total 1073152K, used 1073121K [0x0000000080000000, 0x00000000c1800000, 0x00000000d5580000)
  object space 1073152K, 99% used [0x0000000080000000,0x00000000c17f8740,0x00000000c1800000)
 Metaspace       used 76960K, committed 78464K, reserved 1179648K
  class space    used 7664K, committed 8320K, reserved 1048576K
}
Event: 77371.879 GC heap before
{Heap before GC invocations=1243 (full 4):
 PSYoungGen      total 2048K, used 1823K [0x00000000d5580000, 0x00000000d5900000, 0x0000000100000000)
  eden space 1536K, 99% used [0x00000000d5580000,0x00000000d56fffd8,0x00000000d5700000)
  from space 512K, 56% used [0x00000000d5880000,0x00000000d58c8000,0x00000000d5900000)
  to   space 512K, 0% used [0x00000000d5800000,0x00000000d5800000,0x00000000d5880000)
 ParOldGen       total 1073152K, used 1073121K [0x0000000080000000, 0x00000000c1800000, 0x00000000d5580000)
  object space 1073152K, 99% used [0x0000000080000000,0x00000000c17f8740,0x00000000c1800000)
 Metaspace       used 76962K, committed 78464K, reserved 1179648K
  class space    used 7664K, committed 8320K, reserved 1048576K
}
Event: 77371.900 GC heap after
{Heap after GC invocations=1243 (full 4):
 PSYoungGen      total 2048K, used 320K [0x00000000d5580000, 0x00000000d5900000, 0x0000000100000000)
  eden space 1536K, 0% used [0x00000000d5580000,0x00000000d5580000,0x00000000d5700000)
  from space 512K, 62% used [0x00000000d5800000,0x00000000d5850000,0x00000000d5880000)
  to   space 512K, 0% used [0x00000000d5880000,0x00000000d5880000,0x00000000d5900000)
 ParOldGen       total 1073152K, used 1073121K [0x0000000080000000, 0x00000000c1800000, 0x00000000d5580000)
  object space 1073152K, 99% used [0x0000000080000000,0x00000000c17f8740,0x00000000c1800000)
 Metaspace       used 76962K, committed 78464K, reserved 1179648K
  class space    used 7664K, committed 8320K, reserved 1048576K
}
Event: 77371.964 GC heap before
{Heap before GC invocations=1244 (full 4):
 PSYoungGen      total 2048K, used 1855K [0x00000000d5580000, 0x00000000d5900000, 0x0000000100000000)
  eden space 1536K, 99% used [0x00000000d5580000,0x00000000d56fff90,0x00000000d5700000)
  from space 512K, 62% used [0x00000000d5800000,0x00000000d5850000,0x00000000d5880000)
  to   space 512K, 0% used [0x00000000d5880000,0x00000000d5880000,0x00000000d5900000)
 ParOldGen       total 1073152K, used 1073121K [0x0000000080000000, 0x00000000c1800000, 0x00000000d5580000)
  object space 1073152K, 99% used [0x0000000080000000,0x00000000c17f8740,0x00000000c1800000)
 Metaspace       used 76962K, committed 78464K, reserved 1179648K
  class space    used 7664K, committed 8320K, reserved 1048576K
}
Event: 77371.967 GC heap after
{Heap after GC invocations=1244 (full 4):
 PSYoungGen      total 2048K, used 320K [0x00000000d5580000, 0x00000000d5900000, 0x0000000100000000)
  eden space 1536K, 0% used [0x00000000d5580000,0x00000000d5580000,0x00000000d5700000)
  from space 512K, 62% used [0x00000000d5880000,0x00000000d58d0000,0x00000000d5900000)
  to   space 512K, 0% used [0x00000000d5800000,0x00000000d5800000,0x00000000d5880000)
 ParOldGen       total 1073664K, used 1073225K [0x0000000080000000, 0x00000000c1880000, 0x00000000d5580000)
  object space 1073664K, 99% used [0x0000000080000000,0x00000000c1812740,0x00000000c1880000)
 Metaspace       used 76962K, committed 78464K, reserved 1179648K
  class space    used 7664K, committed 8320K, reserved 1048576K
}
Event: 77372.035 GC heap before
{Heap before GC invocations=1245 (full 4):
 PSYoungGen      total 2048K, used 1856K [0x00000000d5580000, 0x00000000d5900000, 0x0000000100000000)
  eden space 1536K, 100% used [0x00000000d5580000,0x00000000d5700000,0x00000000d5700000)
  from space 512K, 62% used [0x00000000d5880000,0x00000000d58d0000,0x00000000d5900000)
  to   space 512K, 0% used [0x00000000d5800000,0x00000000d5800000,0x00000000d5880000)
 ParOldGen       total 1073664K, used 1073225K [0x0000000080000000, 0x00000000c1880000, 0x00000000d5580000)
  object space 1073664K, 99% used [0x0000000080000000,0x00000000c1812740,0x00000000c1880000)
 Metaspace       used 76962K, committed 78464K, reserved 1179648K
  class space    used 7664K, committed 8320K, reserved 1048576K
}
Event: 77372.038 GC heap after
{Heap after GC invocations=1245 (full 4):
 PSYoungGen      total 2048K, used 352K [0x00000000d5580000, 0x00000000d5900000, 0x0000000100000000)
  eden space 1536K, 0% used [0x00000000d5580000,0x00000000d5580000,0x00000000d5700000)
  from space 512K, 68% used [0x00000000d5800000,0x00000000d5858000,0x00000000d5880000)
  to   space 512K, 0% used [0x00000000d5880000,0x00000000d5880000,0x00000000d5900000)
 ParOldGen       total 1073664K, used 1073409K [0x0000000080000000, 0x00000000c1880000, 0x00000000d5580000)
  object space 1073664K, 99% used [0x0000000080000000,0x00000000c1840740,0x00000000c1880000)
 Metaspace       used 76962K, committed 78464K, reserved 1179648K
  class space    used 7664K, committed 8320K, reserved 1048576K
}
Event: 77372.077 GC heap before
{Heap before GC invocations=1246 (full 4):
 PSYoungGen      total 2048K, used 1888K [0x00000000d5580000, 0x00000000d5900000, 0x0000000100000000)
  eden space 1536K, 100% used [0x00000000d5580000,0x00000000d5700000,0x00000000d5700000)
  from space 512K, 68% used [0x00000000d5800000,0x00000000d5858000,0x00000000d5880000)
  to   space 512K, 0% used [0x00000000d5880000,0x00000000d5880000,0x00000000d5900000)
 ParOldGen       total 1073664K, used 1073409K [0x0000000080000000, 0x00000000c1880000, 0x00000000d5580000)
  object space 1073664K, 99% used [0x0000000080000000,0x00000000c1840740,0x00000000c1880000)
 Metaspace       used 76962K, committed 78464K, reserved 1179648K
  class space    used 7664K, committed 8320K, reserved 1048576K
}
Event: 77372.081 GC heap after
{Heap after GC invocations=1246 (full 4):
 PSYoungGen      total 2048K, used 480K [0x00000000d5580000, 0x00000000d5900000, 0x0000000100000000)
  eden space 1536K, 0% used [0x00000000d5580000,0x00000000d5580000,0x00000000d5700000)
  from space 512K, 93% used [0x00000000d5880000,0x00000000d58f8040,0x00000000d5900000)
  to   space 512K, 0% used [0x00000000d5800000,0x00000000d5800000,0x00000000d5880000)
 ParOldGen       total 1073664K, used 1073473K [0x0000000080000000, 0x00000000c1880000, 0x00000000d5580000)
  object space 1073664K, 99% used [0x0000000080000000,0x00000000c1850750,0x00000000c1880000)
 Metaspace       used 76962K, committed 78464K, reserved 1179648K
  class space    used 7664K, committed 8320K, reserved 1048576K
}
Event: 77617.173 GC heap before
{Heap before GC invocations=1247 (full 4):
 PSYoungGen      total 2048K, used 2016K [0x00000000d5580000, 0x00000000d5900000, 0x0000000100000000)
  eden space 1536K, 100% used [0x00000000d5580000,0x00000000d5700000,0x00000000d5700000)
  from space 512K, 93% used [0x00000000d5880000,0x00000000d58f8040,0x00000000d5900000)
  to   space 512K, 0% used [0x00000000d5800000,0x00000000d5800000,0x00000000d5880000)
 ParOldGen       total 1073664K, used 1073473K [0x0000000080000000, 0x00000000c1880000, 0x00000000d5580000)
  object space 1073664K, 99% used [0x0000000080000000,0x00000000c1850750,0x00000000c1880000)
 Metaspace       used 76965K, committed 78464K, reserved 1179648K
  class space    used 7665K, committed 8320K, reserved 1048576K
}
Event: 77617.225 GC heap after
{Heap after GC invocations=1247 (full 4):
 PSYoungGen      total 2048K, used 288K [0x00000000d5580000, 0x00000000d5900000, 0x0000000100000000)
  eden space 1536K, 0% used [0x00000000d5580000,0x00000000d5580000,0x00000000d5700000)
  from space 512K, 56% used [0x00000000d5800000,0x00000000d5848000,0x00000000d5880000)
  to   space 512K, 0% used [0x00000000d5880000,0x00000000d5880000,0x00000000d5900000)
 ParOldGen       total 1073664K, used 1073569K [0x0000000080000000, 0x00000000c1880000, 0x00000000d5580000)
  object space 1073664K, 99% used [0x0000000080000000,0x00000000c1868770,0x00000000c1880000)
 Metaspace       used 76965K, committed 78464K, reserved 1179648K
  class space    used 7665K, committed 8320K, reserved 1048576K
}
Event: 77617.654 GC heap before
{Heap before GC invocations=1248 (full 4):
 PSYoungGen      total 2048K, used 1824K [0x00000000d5580000, 0x00000000d5900000, 0x0000000100000000)
  eden space 1536K, 100% used [0x00000000d5580000,0x00000000d5700000,0x00000000d5700000)
  from space 512K, 56% used [0x00000000d5800000,0x00000000d5848000,0x00000000d5880000)
  to   space 512K, 0% used [0x00000000d5880000,0x00000000d5880000,0x00000000d5900000)
 ParOldGen       total 1073664K, used 1073569K [0x0000000080000000, 0x00000000c1880000, 0x00000000d5580000)
  object space 1073664K, 99% used [0x0000000080000000,0x00000000c1868770,0x00000000c1880000)
 Metaspace       used 76965K, committed 78464K, reserved 1179648K
  class space    used 7665K, committed 8320K, reserved 1048576K
}
Event: 77617.657 GC heap after
{Heap after GC invocations=1248 (full 4):
 PSYoungGen      total 2048K, used 500K [0x00000000d5580000, 0x00000000d5900000, 0x0000000100000000)
  eden space 1536K, 0% used [0x00000000d5580000,0x00000000d5580000,0x00000000d5700000)
  from space 512K, 97% used [0x00000000d5880000,0x00000000d58fd080,0x00000000d5900000)
  to   space 1024K, 0% used [0x00000000d5700000,0x00000000d5700000,0x00000000d5800000)
 ParOldGen       total 1074176K, used 1073673K [0x0000000080000000, 0x00000000c1900000, 0x00000000d5580000)
  object space 1074176K, 99% used [0x0000000080000000,0x00000000c1882770,0x00000000c1900000)
 Metaspace       used 76965K, committed 78464K, reserved 1179648K
  class space    used 7665K, committed 8320K, reserved 1048576K
}
Event: 77617.721 GC heap before
{Heap before GC invocations=1249 (full 4):
 PSYoungGen      total 2048K, used 2036K [0x00000000d5580000, 0x00000000d5900000, 0x0000000100000000)
  eden space 1536K, 100% used [0x00000000d5580000,0x00000000d5700000,0x00000000d5700000)
  from space 512K, 97% used [0x00000000d5880000,0x00000000d58fd080,0x00000000d5900000)
  to   space 1024K, 0% used [0x00000000d5700000,0x00000000d5700000,0x00000000d5800000)
 ParOldGen       total 1074176K, used 1073673K [0x0000000080000000, 0x00000000c1900000, 0x00000000d5580000)
  object space 1074176K, 99% used [0x0000000080000000,0x00000000c1882770,0x00000000c1900000)
 Metaspace       used 76965K, committed 78464K, reserved 1179648K
  class space    used 7665K, committed 8320K, reserved 1048576K
}
Event: 77617.724 GC heap after
{Heap after GC invocations=1249 (full 4):
 PSYoungGen      total 2560K, used 208K [0x00000000d5580000, 0x00000000d5900000, 0x0000000100000000)
  eden space 1536K, 0% used [0x00000000d5580000,0x00000000d5580000,0x00000000d5700000)
  from space 1024K, 20% used [0x00000000d5700000,0x00000000d5734010,0x00000000d5800000)
  to   space 512K, 0% used [0x00000000d5880000,0x00000000d5880000,0x00000000d5900000)
 ParOldGen       total 1074176K, used 1073865K [0x0000000080000000, 0x00000000c1900000, 0x00000000d5580000)
  object space 1074176K, 99% used [0x0000000080000000,0x00000000c18b2770,0x00000000c1900000)
 Metaspace       used 76965K, committed 78464K, reserved 1179648K
  class space    used 7665K, committed 8320K, reserved 1048576K
}
Event: 77617.788 GC heap before
{Heap before GC invocations=1250 (full 4):
 PSYoungGen      total 2560K, used 1744K [0x00000000d5580000, 0x00000000d5900000, 0x0000000100000000)
  eden space 1536K, 100% used [0x00000000d5580000,0x00000000d5700000,0x00000000d5700000)
  from space 1024K, 20% used [0x00000000d5700000,0x00000000d5734010,0x00000000d5800000)
  to   space 512K, 0% used [0x00000000d5880000,0x00000000d5880000,0x00000000d5900000)
 ParOldGen       total 1074176K, used 1073865K [0x0000000080000000, 0x00000000c1900000, 0x00000000d5580000)
  object space 1074176K, 99% used [0x0000000080000000,0x00000000c18b2770,0x00000000c1900000)
 Metaspace       used 76965K, committed 78464K, reserved 1179648K
  class space    used 7665K, committed 8320K, reserved 1048576K
}
Event: 77617.791 GC heap after
{Heap after GC invocations=1250 (full 4):
 PSYoungGen      total 2048K, used 352K [0x00000000d5580000, 0x00000000d5900000, 0x0000000100000000)
  eden space 1536K, 0% used [0x00000000d5580000,0x00000000d5580000,0x00000000d5700000)
  from space 512K, 68% used [0x00000000d5880000,0x00000000d58d8000,0x00000000d5900000)
  to   space 512K, 0% used [0x00000000d5800000,0x00000000d5800000,0x00000000d5880000)
 ParOldGen       total 1074176K, used 1074001K [0x0000000080000000, 0x00000000c1900000, 0x00000000d5580000)
  object space 1074176K, 99% used [0x0000000080000000,0x00000000c18d47a0,0x00000000c1900000)
 Metaspace       used 76965K, committed 78464K, reserved 1179648K
  class space    used 7665K, committed 8320K, reserved 1048576K
}

Dll operation events (10 events):
Event: 0.015 Loaded shared library c:\Users\27340\.vscode\extensions\redhat.java-1.50.0-win32-x64\jre\21.0.9-win32-x86_64\bin\java.dll
Event: 0.049 Loaded shared library c:\Users\27340\.vscode\extensions\redhat.java-1.50.0-win32-x64\jre\21.0.9-win32-x86_64\bin\zip.dll
Event: 0.147 Loaded shared library C:\Users\27340\.vscode\extensions\redhat.java-1.50.0-win32-x64\jre\21.0.9-win32-x86_64\bin\instrument.dll
Event: 0.155 Loaded shared library C:\Users\27340\.vscode\extensions\redhat.java-1.50.0-win32-x64\jre\21.0.9-win32-x86_64\bin\net.dll
Event: 0.159 Loaded shared library C:\Users\27340\.vscode\extensions\redhat.java-1.50.0-win32-x64\jre\21.0.9-win32-x86_64\bin\nio.dll
Event: 0.164 Loaded shared library C:\Users\27340\.vscode\extensions\redhat.java-1.50.0-win32-x64\jre\21.0.9-win32-x86_64\bin\zip.dll
Event: 0.198 Loaded shared library C:\Users\27340\.vscode\extensions\redhat.java-1.50.0-win32-x64\jre\21.0.9-win32-x86_64\bin\jimage.dll
Event: 0.330 Loaded shared library c:\Users\27340\.vscode\extensions\redhat.java-1.50.0-win32-x64\jre\21.0.9-win32-x86_64\bin\verify.dll
Event: 2.092 Loaded shared library C:\Users\27340\AppData\Roaming\Code\User\globalStorage\redhat.java\1.50.0\config_win\org.eclipse.equinox.launcher\org.eclipse.equinox.launcher.win32.win32.x86_64_1.2.1400.v20250801-0854\eclipse_11916.dll
Event: 4.367 Loaded shared library C:\Users\27340\AppData\Local\Temp\jna-47865226\jna7456222045488596369.dll

Deoptimization events (20 events):
Event: 77079.786 Thread 0x00000194220b5600 Uncommon trap: trap_request=0xffffffd6 fr.pc=0x00000193cb1b09ac relative=0x00000000000001ec
Event: 77079.786 Thread 0x00000194220b5600 Uncommon trap: reason=array_check action=maybe_recompile pc=0x00000193cb1b09ac method=org.eclipse.jdt.internal.compiler.util.SimpleSetOfCharArray.asArray([Ljava/lang/Object;)V @ 54 c2
Event: 77079.786 Thread 0x00000194220b5600 DEOPT PACKING pc=0x00000193cb1b09ac sp=0x00000045769fd730
Event: 77079.792 Thread 0x00000194220b5600 DEOPT UNPACKING pc=0x00000193c9753aa2 sp=0x00000045769fd6b8 mode 2
Event: 77079.795 Thread 0x00000194220b5600 Uncommon trap: trap_request=0xffffffd6 fr.pc=0x00000193cb1b09ac relative=0x00000000000001ec
Event: 77079.795 Thread 0x00000194220b5600 Uncommon trap: reason=array_check action=maybe_recompile pc=0x00000193cb1b09ac method=org.eclipse.jdt.internal.compiler.util.SimpleSetOfCharArray.asArray([Ljava/lang/Object;)V @ 54 c2
Event: 77079.795 Thread 0x00000194220b5600 DEOPT PACKING pc=0x00000193cb1b09ac sp=0x00000045769fd7f0
Event: 77079.795 Thread 0x00000194220b5600 DEOPT UNPACKING pc=0x00000193c9753aa2 sp=0x00000045769fd778 mode 2
Event: 77079.795 Thread 0x00000194220b5600 Uncommon trap: trap_request=0xffffffd6 fr.pc=0x00000193cb1b09ac relative=0x00000000000001ec
Event: 77079.795 Thread 0x00000194220b5600 Uncommon trap: reason=array_check action=maybe_recompile pc=0x00000193cb1b09ac method=org.eclipse.jdt.internal.compiler.util.SimpleSetOfCharArray.asArray([Ljava/lang/Object;)V @ 54 c2
Event: 77079.795 Thread 0x00000194220b5600 DEOPT PACKING pc=0x00000193cb1b09ac sp=0x00000045769fd6f0
Event: 77079.795 Thread 0x00000194220b5600 DEOPT UNPACKING pc=0x00000193c9753aa2 sp=0x00000045769fd678 mode 2
Event: 77079.795 Thread 0x00000194220b5600 Uncommon trap: trap_request=0xffffffd6 fr.pc=0x00000193cb1b09ac relative=0x00000000000001ec
Event: 77079.795 Thread 0x00000194220b5600 Uncommon trap: reason=array_check action=maybe_recompile pc=0x00000193cb1b09ac method=org.eclipse.jdt.internal.compiler.util.SimpleSetOfCharArray.asArray([Ljava/lang/Object;)V @ 54 c2
Event: 77079.795 Thread 0x00000194220b5600 DEOPT PACKING pc=0x00000193cb1b09ac sp=0x00000045769fd380
Event: 77079.795 Thread 0x00000194220b5600 DEOPT UNPACKING pc=0x00000193c9753aa2 sp=0x00000045769fd308 mode 2
Event: 77079.910 Thread 0x00000194220b5600 Uncommon trap: trap_request=0xffffff6e fr.pc=0x00000193cb198808 relative=0x00000000000004c8
Event: 77079.910 Thread 0x00000194220b5600 Uncommon trap: reason=loop_limit_check action=maybe_recompile pc=0x00000193cb198808 method=org.codehaus.plexus.util.SelectorUtils.matchAntPathPattern([[C[[CZ)Z @ 231 c2
Event: 77079.910 Thread 0x00000194220b5600 DEOPT PACKING pc=0x00000193cb198808 sp=0x00000045769fd9a0
Event: 77079.910 Thread 0x00000194220b5600 DEOPT UNPACKING pc=0x00000193c9753aa2 sp=0x00000045769fd8f0 mode 2

Classes loaded (20 events):
Event: 71146.149 Loading class jdk/internal/module/IllegalAccessLogger
Event: 71146.149 Loading class jdk/internal/module/IllegalAccessLogger done
Event: 71730.633 Loading class jdk/internal/module/IllegalAccessLogger
Event: 71730.633 Loading class jdk/internal/module/IllegalAccessLogger done
Event: 71907.957 Loading class jdk/internal/module/IllegalAccessLogger
Event: 71907.957 Loading class jdk/internal/module/IllegalAccessLogger done
Event: 71936.311 Loading class jdk/internal/module/IllegalAccessLogger
Event: 71936.311 Loading class jdk/internal/module/IllegalAccessLogger done
Event: 75623.878 Loading class jdk/internal/module/IllegalAccessLogger
Event: 75623.879 Loading class jdk/internal/module/IllegalAccessLogger done
Event: 75640.628 Loading class jdk/internal/module/IllegalAccessLogger
Event: 75640.628 Loading class jdk/internal/module/IllegalAccessLogger done
Event: 75655.237 Loading class jdk/internal/module/IllegalAccessLogger
Event: 75655.237 Loading class jdk/internal/module/IllegalAccessLogger done
Event: 76729.714 Loading class jdk/internal/module/IllegalAccessLogger
Event: 76729.714 Loading class jdk/internal/module/IllegalAccessLogger done
Event: 77072.720 Loading class jdk/internal/module/IllegalAccessLogger
Event: 77072.720 Loading class jdk/internal/module/IllegalAccessLogger done
Event: 77079.807 Loading class jdk/internal/module/IllegalAccessLogger
Event: 77079.807 Loading class jdk/internal/module/IllegalAccessLogger done

Classes unloaded (20 events):
Event: 64864.803 Thread 0x00000193bf1577f0 Unloading class 0x00000193d7016400 'java/lang/invoke/LambdaForm$MH+0x00000193d7016400'
Event: 64864.803 Thread 0x00000193bf1577f0 Unloading class 0x00000193d7014800 'java/lang/invoke/LambdaForm$MH+0x00000193d7014800'
Event: 64864.804 Thread 0x00000193bf1577f0 Unloading class 0x00000193d700d800 'java/lang/invoke/LambdaForm$MH+0x00000193d700d800'
Event: 64864.804 Thread 0x00000193bf1577f0 Unloading class 0x00000193d700d400 'java/lang/invoke/LambdaForm$MH+0x00000193d700d400'
Event: 64864.804 Thread 0x00000193bf1577f0 Unloading class 0x00000193d700d000 'java/lang/invoke/LambdaForm$MH+0x00000193d700d000'
Event: 64864.804 Thread 0x00000193bf1577f0 Unloading class 0x00000193d700cc00 'java/lang/invoke/LambdaForm$MH+0x00000193d700cc00'
Event: 64864.804 Thread 0x00000193bf1577f0 Unloading class 0x00000193d700c800 'java/lang/invoke/LambdaForm$BMH+0x00000193d700c800'
Event: 64864.804 Thread 0x00000193bf1577f0 Unloading class 0x00000193d700c000 'java/lang/invoke/LambdaForm$DMH+0x00000193d700c000'
Event: 64864.804 Thread 0x00000193bf1577f0 Unloading class 0x00000193d7008c00 'java/lang/invoke/LambdaForm$MH+0x00000193d7008c00'
Event: 64864.804 Thread 0x00000193bf1577f0 Unloading class 0x00000193d7008800 'java/lang/invoke/LambdaForm$MH+0x00000193d7008800'
Event: 64864.804 Thread 0x00000193bf1577f0 Unloading class 0x00000193d7008400 'java/lang/invoke/LambdaForm$MH+0x00000193d7008400'
Event: 64864.804 Thread 0x00000193bf1577f0 Unloading class 0x00000193d7007000 'java/lang/invoke/LambdaForm$MH+0x00000193d7007000'
Event: 64864.804 Thread 0x00000193bf1577f0 Unloading class 0x00000193d7006c00 'java/lang/invoke/LambdaForm$MH+0x00000193d7006c00'
Event: 64864.804 Thread 0x00000193bf1577f0 Unloading class 0x00000193d7006800 'java/lang/invoke/LambdaForm$MH+0x00000193d7006800'
Event: 64864.804 Thread 0x00000193bf1577f0 Unloading class 0x00000193d7006400 'java/lang/invoke/LambdaForm$MH+0x00000193d7006400'
Event: 64864.804 Thread 0x00000193bf1577f0 Unloading class 0x00000193d7005c00 'java/lang/invoke/LambdaForm$BMH+0x00000193d7005c00'
Event: 64864.804 Thread 0x00000193bf1577f0 Unloading class 0x00000193d7004800 'java/lang/invoke/LambdaForm$DMH+0x00000193d7004800'
Event: 64864.804 Thread 0x00000193bf1577f0 Unloading class 0x00000193d7002400 'java/lang/invoke/LambdaForm$MH+0x00000193d7002400'
Event: 64864.804 Thread 0x00000193bf1577f0 Unloading class 0x00000193d7002000 'java/lang/invoke/LambdaForm$MH+0x00000193d7002000'
Event: 64864.804 Thread 0x00000193bf1577f0 Unloading class 0x00000193d7001800 'java/lang/invoke/LambdaForm$MH+0x00000193d7001800'

Classes redefined (0 events):
No events

Internal exceptions (20 events):
Event: 75922.080 Thread 0x0000019428e06690 Exception <a 'sun/nio/fs/WindowsException'{0x00000000d59c6dc0}> (0x00000000d59c6dc0) 
thrown [s\src\hotspot\share\prims\jni.cpp, line 520]
Event: 75922.081 Thread 0x0000019428e06690 Exception <a 'sun/nio/fs/WindowsException'{0x00000000d59c7b08}> (0x00000000d59c7b08) 
thrown [s\src\hotspot\share\prims\jni.cpp, line 520]
Event: 76655.364 Thread 0x0000019421544a70 Exception <a 'java/lang/IncompatibleClassChangeError'{0x00000000d55a7fc8}: Found class java.lang.Object, but interface was expected> (0x00000000d55a7fc8) 
thrown [s\src\hotspot\share\interpreter\linkResolver.cpp, line 840]
Event: 76657.961 Thread 0x0000019428e080d0 Implicit null exception at 0x00000193caebc245 to 0x00000193caebeb24
Event: 76727.746 Thread 0x0000019421544a70 Exception <a 'java/lang/IncompatibleClassChangeError'{0x00000000d5630540}: Found class java.lang.Object, but interface was expected> (0x00000000d5630540) 
thrown [s\src\hotspot\share\interpreter\linkResolver.cpp, line 840]
Event: 76727.807 Thread 0x0000019428e04c50 Exception <a 'java/lang/NoSuchMethodError'{0x00000000d566e038}: 'java.lang.Object java.lang.invoke.DirectMethodHandle$Holder.invokeSpecial(java.lang.Object, java.lang.Object, java.lang.Object, java.lang.Object, int, java.lang.Object, java.lang.Object)'> (0x00000000d566e038) 
thrown [s\src\hotspot\share\interpreter\linkResolver.cpp, line 773]
Event: 76728.536 Thread 0x000001941e7788e0 Exception <a 'sun/nio/fs/WindowsException'{0x00000000d55aec68}> (0x00000000d55aec68) 
thrown [s\src\hotspot\share\prims\jni.cpp, line 520]
Event: 76729.228 Thread 0x000001941e7788e0 Exception <a 'sun/nio/fs/WindowsException'{0x00000000d562ed88}> (0x00000000d562ed88) 
thrown [s\src\hotspot\share\prims\jni.cpp, line 520]
Event: 77028.593 Thread 0x0000019428e06d20 Exception <a 'sun/nio/fs/WindowsException'{0x00000000d57e10d0}> (0x00000000d57e10d0) 
thrown [s\src\hotspot\share\prims\jni.cpp, line 520]
Event: 77028.593 Thread 0x0000019428e06d20 Exception <a 'sun/nio/fs/WindowsException'{0x00000000d57e1bb8}> (0x00000000d57e1bb8) 
thrown [s\src\hotspot\share\prims\jni.cpp, line 520]
Event: 77071.667 Thread 0x000001941e7788e0 Exception <a 'sun/nio/fs/WindowsException'{0x00000000d59463e0}> (0x00000000d59463e0) 
thrown [s\src\hotspot\share\prims\jni.cpp, line 520]
Event: 77072.397 Thread 0x000001941e7788e0 Exception <a 'sun/nio/fs/WindowsException'{0x00000000d5864b30}> (0x00000000d5864b30) 
thrown [s\src\hotspot\share\prims\jni.cpp, line 520]
Event: 77073.130 Thread 0x0000019428e06d20 Implicit null exception at 0x00000193cae092cd to 0x00000193cae0a324
Event: 77073.132 Thread 0x0000019428e06d20 Implicit null exception at 0x00000193cae84a96 to 0x00000193cae8605c
Event: 77078.396 Thread 0x0000019421544a70 Exception <a 'java/lang/IncompatibleClassChangeError'{0x00000000d55c0518}: Found class java.lang.Object, but interface was expected> (0x00000000d55c0518) 
thrown [s\src\hotspot\share\interpreter\linkResolver.cpp, line 840]
Event: 77078.397 Thread 0x0000019421544a70 Exception <a 'java/lang/IncompatibleClassChangeError'{0x00000000d55c4620}: Found class java.lang.Object, but interface was expected> (0x00000000d55c4620) 
thrown [s\src\hotspot\share\interpreter\linkResolver.cpp, line 840]
Event: 77078.654 Thread 0x000001941e7788e0 Exception <a 'sun/nio/fs/WindowsException'{0x00000000d571b9d0}> (0x00000000d571b9d0) 
thrown [s\src\hotspot\share\prims\jni.cpp, line 520]
Event: 77079.150 Thread 0x000001941e7788e0 Exception <a 'sun/nio/fs/WindowsException'{0x00000000d55f8470}> (0x00000000d55f8470) 
thrown [s\src\hotspot\share\prims\jni.cpp, line 520]
Event: 77371.697 Thread 0x00000194220b8a80 Exception <a 'sun/nio/fs/WindowsException'{0x00000000d563ae28}> (0x00000000d563ae28) 
thrown [s\src\hotspot\share\prims\jni.cpp, line 520]
Event: 77371.698 Thread 0x00000194220b8a80 Exception <a 'sun/nio/fs/WindowsException'{0x00000000d563b910}> (0x00000000d563b910) 
thrown [s\src\hotspot\share\prims\jni.cpp, line 520]

ZGC Phase Switch (0 events):
No events

VM Operations (20 events):
Event: 77372.077 Executing VM operation: ParallelGCFailedAllocation (Allocation Failure)
Event: 77372.081 Executing VM operation: ParallelGCFailedAllocation (Allocation Failure) done
Event: 77386.360 Executing VM operation: HandshakeAllThreads (HandshakeForDeflation)
Event: 77386.360 Executing VM operation: HandshakeAllThreads (HandshakeForDeflation) done
Event: 77386.360 Executing VM operation: RendezvousGCThreads
Event: 77386.360 Executing VM operation: RendezvousGCThreads done
Event: 77617.173 Executing VM operation: ParallelGCFailedAllocation (Allocation Failure)
Event: 77617.225 Executing VM operation: ParallelGCFailedAllocation (Allocation Failure) done
Event: 77617.654 Executing VM operation: ParallelGCFailedAllocation (Allocation Failure)
Event: 77617.657 Executing VM operation: ParallelGCFailedAllocation (Allocation Failure) done
Event: 77617.721 Executing VM operation: ParallelGCFailedAllocation (Allocation Failure)
Event: 77617.724 Executing VM operation: ParallelGCFailedAllocation (Allocation Failure) done
Event: 77617.788 Executing VM operation: ParallelGCFailedAllocation (Allocation Failure)
Event: 77617.791 Executing VM operation: ParallelGCFailedAllocation (Allocation Failure) done
Event: 77618.792 Executing VM operation: Cleanup
Event: 77618.792 Executing VM operation: Cleanup done
Event: 77627.071 Executing VM operation: HandshakeAllThreads (HandshakeForDeflation)
Event: 77627.071 Executing VM operation: HandshakeAllThreads (HandshakeForDeflation) done
Event: 77627.071 Executing VM operation: RendezvousGCThreads
Event: 77627.071 Executing VM operation: RendezvousGCThreads done

Memory protections (0 events):
No events

Nmethod flushes (20 events):
Event: 64865.431 Thread 0x00000193bf1577f0 flushing  nmethod 0x00000193c3323f10
Event: 64865.431 Thread 0x00000193bf1577f0 flushing  nmethod 0x00000193c3324690
Event: 64865.431 Thread 0x00000193bf1577f0 flushing  nmethod 0x00000193c3325190
Event: 64865.431 Thread 0x00000193bf1577f0 flushing  nmethod 0x00000193c3325990
Event: 64865.431 Thread 0x00000193bf1577f0 flushing  nmethod 0x00000193c334cf90
Event: 64865.432 Thread 0x00000193bf1577f0 flushing  nmethod 0x00000193c334d910
Event: 64865.432 Thread 0x00000193bf1577f0 flushing  nmethod 0x00000193c3350490
Event: 64865.432 Thread 0x00000193bf1577f0 flushing  nmethod 0x00000193c3367090
Event: 64865.433 Thread 0x00000193bf1577f0 flushing  nmethod 0x00000193c33aef90
Event: 64865.433 Thread 0x00000193bf1577f0 flushing  nmethod 0x00000193c33b0590
Event: 64865.433 Thread 0x00000193bf1577f0 flushing  nmethod 0x00000193c33c4c10
Event: 64865.433 Thread 0x00000193bf1577f0 flushing  nmethod 0x00000193c33efc90
Event: 64865.433 Thread 0x00000193bf1577f0 flushing  nmethod 0x00000193c33f0690
Event: 64865.433 Thread 0x00000193bf1577f0 flushing  nmethod 0x00000193c33f1010
Event: 64865.433 Thread 0x00000193bf1577f0 flushing  nmethod 0x00000193c33f9290
Event: 64865.433 Thread 0x00000193bf1577f0 flushing  nmethod 0x00000193c3444290
Event: 64865.433 Thread 0x00000193bf1577f0 flushing osr nmethod 0x00000193c344f310
Event: 64865.434 Thread 0x00000193bf1577f0 flushing  nmethod 0x00000193c3454990
Event: 64865.434 Thread 0x00000193bf1577f0 flushing  nmethod 0x00000193c3814610
Event: 64865.434 Thread 0x00000193bf1577f0 flushing  nmethod 0x00000193c3e5af10

Events (20 events):
Event: 77139.859 Thread 0x00000194220b83f0 Thread exited: 0x00000194220b83f0
Event: 77140.246 Thread 0x00000194220b2810 Thread exited: 0x00000194220b2810
Event: 77140.246 Thread 0x0000019428e06d20 Thread exited: 0x0000019428e06d20
Event: 77198.741 Thread 0x0000019428e08df0 Thread exited: 0x0000019428e08df0
Event: 77200.130 Thread 0x00000194220b5600 Thread exited: 0x00000194220b5600
Event: 77258.750 Thread 0x0000019428e0a1a0 Thread exited: 0x0000019428e0a1a0
Event: 77318.756 Thread 0x00000194220b4f70 Thread exited: 0x00000194220b4f70
Event: 77371.678 Thread 0x00000194220b8a80 Thread added: 0x00000194220b4f70
Event: 77371.681 Thread 0x00000194220b4f70 Thread exited: 0x00000194220b4f70
Event: 77371.702 Thread 0x00000194220b8a80 Thread added: 0x00000194220b2810
Event: 77371.702 Thread 0x00000194220b2810 Thread exited: 0x00000194220b2810
Event: 77372.014 Thread 0x00000194220b2ea0 Thread exited: 0x00000194220b2ea0
Event: 77372.015 Thread 0x00000194220b5c90 Thread exited: 0x00000194220b5c90
Event: 77378.770 Thread 0x0000019428e0a830 Thread exited: 0x0000019428e0a830
Event: 77378.925 Thread 0x00000194220b69b0 Thread exited: 0x00000194220b69b0
Event: 77438.777 Thread 0x0000019428e08760 Thread exited: 0x0000019428e08760
Event: 77498.782 Thread 0x0000019428e05970 Thread exited: 0x0000019428e05970
Event: 77558.798 Thread 0x0000019428e0b550 Thread exited: 0x0000019428e0b550
Event: 77618.807 Thread 0x00000194220b3bc0 Thread exited: 0x00000194220b3bc0
Event: 77678.811 Thread 0x0000019428e09480 Thread exited: 0x0000019428e09480


Dynamic libraries:
0x00007ff670b30000 - 0x00007ff670b3e000 	c:\Users\27340\.vscode\extensions\redhat.java-1.50.0-win32-x64\jre\21.0.9-win32-x86_64\bin\java.exe
0x00007ff801c80000 - 0x00007ff801ee7000 	C:\WINDOWS\SYSTEM32\ntdll.dll
0x00007ff800aa0000 - 0x00007ff800b69000 	C:\WINDOWS\System32\KERNEL32.DLL
0x00007ffffefe0000 - 0x00007fffff3cf000 	C:\WINDOWS\System32\KERNELBASE.dll
0x00007fffff6b0000 - 0x00007fffff7fb000 	C:\WINDOWS\System32\ucrtbase.dll
0x00007fffda450000 - 0x00007fffda468000 	c:\Users\27340\.vscode\extensions\redhat.java-1.50.0-win32-x64\jre\21.0.9-win32-x86_64\bin\jli.dll
0x00007fffcd230000 - 0x00007fffcd24e000 	c:\Users\27340\.vscode\extensions\redhat.java-1.50.0-win32-x64\jre\21.0.9-win32-x86_64\bin\VCRUNTIME140.dll
0x00007ff800180000 - 0x00007ff800345000 	C:\WINDOWS\System32\USER32.dll
0x00007fffd70c0000 - 0x00007fffd7353000 	C:\WINDOWS\WinSxS\amd64_microsoft.windows.common-controls_6595b64144ccf1df_6.0.26100.7309_none_3e05feeae336a044\COMCTL32.dll
0x00007fffff3e0000 - 0x00007fffff407000 	C:\WINDOWS\System32\win32u.dll
0x00007ff800920000 - 0x00007ff8009c9000 	C:\WINDOWS\System32\msvcrt.dll
0x00007ff801880000 - 0x00007ff8018ab000 	C:\WINDOWS\System32\GDI32.dll
0x00007fffff410000 - 0x00007fffff53c000 	C:\WINDOWS\System32\gdi32full.dll
0x00007fffff540000 - 0x00007fffff5e3000 	C:\WINDOWS\System32\msvcp_win.dll
0x00007ff800700000 - 0x00007ff800731000 	C:\WINDOWS\System32\IMM32.DLL
0x00007fffe4510000 - 0x00007fffe451c000 	c:\Users\27340\.vscode\extensions\redhat.java-1.50.0-win32-x64\jre\21.0.9-win32-x86_64\bin\vcruntime140_1.dll
0x00007fff7d1c0000 - 0x00007fff7d24d000 	c:\Users\27340\.vscode\extensions\redhat.java-1.50.0-win32-x64\jre\21.0.9-win32-x86_64\bin\msvcp140.dll
0x00007fff60270000 - 0x00007fff61010000 	c:\Users\27340\.vscode\extensions\redhat.java-1.50.0-win32-x64\jre\21.0.9-win32-x86_64\bin\server\jvm.dll
0x00007ff800840000 - 0x00007ff8008f4000 	C:\WINDOWS\System32\ADVAPI32.dll
0x00007ff800430000 - 0x00007ff8004d6000 	C:\WINDOWS\System32\sechost.dll
0x00007ff801510000 - 0x00007ff801628000 	C:\WINDOWS\System32\RPCRT4.dll
0x00007ff800b70000 - 0x00007ff800be4000 	C:\WINDOWS\System32\WS2_32.dll
0x00007ffffebd0000 - 0x00007ffffec2e000 	C:\WINDOWS\SYSTEM32\POWRPROF.dll
0x00007fffee440000 - 0x00007fffee44b000 	C:\WINDOWS\SYSTEM32\VERSION.dll
0x00007ffff3b00000 - 0x00007ffff3b35000 	C:\WINDOWS\SYSTEM32\WINMM.dll
0x00007ffffeb00000 - 0x00007ffffeb14000 	C:\WINDOWS\SYSTEM32\UMPDC.dll
0x00007ffffdb30000 - 0x00007ffffdb4b000 	C:\WINDOWS\SYSTEM32\kernel.appcore.dll
0x00007fffd3990000 - 0x00007fffd399a000 	c:\Users\27340\.vscode\extensions\redhat.java-1.50.0-win32-x64\jre\21.0.9-win32-x86_64\bin\jimage.dll
0x00007ffff9be0000 - 0x00007ffff9e22000 	C:\WINDOWS\SYSTEM32\DBGHELP.DLL
0x00007ff8018b0000 - 0x00007ff801c35000 	C:\WINDOWS\System32\combase.dll
0x00007ff801630000 - 0x00007ff801706000 	C:\WINDOWS\System32\OLEAUT32.dll
0x00007fffcdcf0000 - 0x00007fffcdd2c000 	C:\WINDOWS\SYSTEM32\dbgcore.DLL
0x00007ffffef30000 - 0x00007ffffefd5000 	C:\WINDOWS\System32\bcryptPrimitives.dll
0x00007fffd3040000 - 0x00007fffd304f000 	c:\Users\27340\.vscode\extensions\redhat.java-1.50.0-win32-x64\jre\21.0.9-win32-x86_64\bin\instrument.dll
0x00007fffcce70000 - 0x00007fffcce90000 	c:\Users\27340\.vscode\extensions\redhat.java-1.50.0-win32-x64\jre\21.0.9-win32-x86_64\bin\java.dll
0x00007fffff890000 - 0x00007ffffffe3000 	C:\WINDOWS\System32\SHELL32.dll
0x00007ff800010000 - 0x00007ff80017a000 	C:\WINDOWS\System32\wintypes.dll
0x00007ffffc950000 - 0x00007ffffd1ae000 	C:\WINDOWS\SYSTEM32\windows.storage.dll
0x00007ff800c80000 - 0x00007ff800d75000 	C:\WINDOWS\System32\SHCORE.dll
0x00007ff800a30000 - 0x00007ff800a96000 	C:\WINDOWS\System32\shlwapi.dll
0x00007ffffec90000 - 0x00007ffffecb9000 	C:\WINDOWS\SYSTEM32\profapi.dll
0x00007fffc0be0000 - 0x00007fffc0bf8000 	c:\Users\27340\.vscode\extensions\redhat.java-1.50.0-win32-x64\jre\21.0.9-win32-x86_64\bin\zip.dll
0x00007fffd2400000 - 0x00007fffd2410000 	C:\Users\27340\.vscode\extensions\redhat.java-1.50.0-win32-x64\jre\21.0.9-win32-x86_64\bin\net.dll
0x00007ffff32d0000 - 0x00007ffff33f8000 	C:\WINDOWS\SYSTEM32\WINHTTP.dll
0x00007ffffe0a0000 - 0x00007ffffe10b000 	C:\WINDOWS\system32\mswsock.dll
0x00007fffbf0b0000 - 0x00007fffbf0c6000 	C:\Users\27340\.vscode\extensions\redhat.java-1.50.0-win32-x64\jre\21.0.9-win32-x86_64\bin\nio.dll
0x00007fffd1f70000 - 0x00007fffd1f80000 	c:\Users\27340\.vscode\extensions\redhat.java-1.50.0-win32-x64\jre\21.0.9-win32-x86_64\bin\verify.dll
0x00007fff81490000 - 0x00007fff814d4000 	C:\Users\27340\AppData\Roaming\Code\User\globalStorage\redhat.java\1.50.0\config_win\org.eclipse.equinox.launcher\org.eclipse.equinox.launcher.win32.win32.x86_64_1.2.1400.v20250801-0854\eclipse_11916.dll
0x00007ff800e50000 - 0x00007ff800fe7000 	C:\WINDOWS\System32\ole32.dll
0x00007ffffe370000 - 0x00007ffffe38b000 	C:\WINDOWS\SYSTEM32\CRYPTSP.dll
0x00007ffffda90000 - 0x00007ffffdaca000 	C:\WINDOWS\system32\rsaenh.dll
0x00007ffffe150000 - 0x00007ffffe17b000 	C:\WINDOWS\SYSTEM32\USERENV.dll
0x00007ffffec60000 - 0x00007ffffec8a000 	C:\WINDOWS\SYSTEM32\bcrypt.dll
0x00007ffffe360000 - 0x00007ffffe36c000 	C:\WINDOWS\SYSTEM32\CRYPTBASE.dll
0x00007ffffd650000 - 0x00007ffffd684000 	C:\WINDOWS\SYSTEM32\IPHLPAPI.DLL
0x00007ff800900000 - 0x00007ff80090a000 	C:\WINDOWS\System32\NSI.dll
0x00007fff81200000 - 0x00007fff81249000 	C:\Users\27340\AppData\Local\Temp\jna-47865226\jna7456222045488596369.dll
0x00007ff8006f0000 - 0x00007ff8006f8000 	C:\WINDOWS\System32\PSAPI.DLL
0x00007ffff3520000 - 0x00007ffff353e000 	C:\WINDOWS\SYSTEM32\dhcpcsvc6.DLL
0x00007ffff34f0000 - 0x00007ffff3513000 	C:\WINDOWS\SYSTEM32\dhcpcsvc.DLL
0x00007ffffdc50000 - 0x00007ffffdc86000 	C:\WINDOWS\SYSTEM32\ntmarta.dll

JVMTI agents:
c:\Users\27340\.vscode\extensions\redhat.java-1.50.0-win32-x64\lombok\lombok-1.18.39-4050.jar path:c:\Users\27340\.vscode\extensions\redhat.java-1.50.0-win32-x64\jre\21.0.9-win32-x86_64\bin\instrument.dll, loaded, initialized, instrumentlib options:none

dbghelp: loaded successfully - version: 4.0.5 - missing functions: none
symbol engine: initialized successfully - sym options: 0x614 - pdb path: .;c:\Users\27340\.vscode\extensions\redhat.java-1.50.0-win32-x64\jre\21.0.9-win32-x86_64\bin;C:\WINDOWS\SYSTEM32;C:\WINDOWS\WinSxS\amd64_microsoft.windows.common-controls_6595b64144ccf1df_6.0.26100.7309_none_3e05feeae336a044;c:\Users\27340\.vscode\extensions\redhat.java-1.50.0-win32-x64\jre\21.0.9-win32-x86_64\bin\server;C:\Users\27340\AppData\Roaming\Code\User\globalStorage\redhat.java\1.50.0\config_win\org.eclipse.equinox.launcher\org.eclipse.equinox.launcher.win32.win32.x86_64_1.2.1400.v20250801-0854;C:\Users\27340\AppData\Local\Temp\jna-47865226

VM Arguments:
jvm_args: --add-modules=ALL-SYSTEM --add-opens=java.base/java.util=ALL-UNNAMED --add-opens=java.base/java.lang=ALL-UNNAMED --add-opens=java.base/sun.nio.fs=ALL-UNNAMED -Declipse.application=org.eclipse.jdt.ls.core.id1 -Dosgi.bundles.defaultStartLevel=4 -Declipse.product=org.eclipse.jdt.ls.core.product -Djava.import.generatesMetadataFilesAtProjectRoot=false -DDetectVMInstallationsJob.disabled=true -Dfile.encoding=utf8 -XX:+UseParallelGC -XX:GCTimeRatio=4 -XX:AdaptiveSizePolicyWeight=90 -Dsun.zip.disableMemoryMapping=true -Xmx2G -Xms100m -Xlog:disable -javaagent:c:\Users\27340\.vscode\extensions\redhat.java-1.50.0-win32-x64\lombok\lombok-1.18.39-4050.jar -XX:+HeapDumpOnOutOfMemoryError -XX:HeapDumpPath=c:\Users\27340\AppData\Roaming\Code\User\workspaceStorage\9acc619dd0e5085f1188d10a33151218\redhat.java -Daether.dependencyCollector.impl=bf 
java_command: c:\Users\27340\.vscode\extensions\redhat.java-1.50.0-win32-x64\server\plugins\org.eclipse.equinox.launcher_1.7.100.v20251111-0406.jar -configuration c:\Users\27340\AppData\Roaming\Code\User\globalStorage\redhat.java\1.50.0\config_win -data c:\Users\27340\AppData\Roaming\Code\User\workspaceStorage\9acc619dd0e5085f1188d10a33151218\redhat.java\jdt_ws --pipe=\\.\pipe\lsp-e8898bb8febab2308dc6ce582756f6c3-sock
java_class_path (initial): c:\Users\27340\.vscode\extensions\redhat.java-1.50.0-win32-x64\server\plugins\org.eclipse.equinox.launcher_1.7.100.v20251111-0406.jar
Launcher Type: SUN_STANDARD

[Global flags]
    uintx AdaptiveSizePolicyWeight                 = 90                                        {product} {command line}
     intx CICompilerCount                          = 12                                        {product} {ergonomic}
    uintx GCTimeRatio                              = 4                                         {product} {command line}
     bool HeapDumpOnOutOfMemoryError               = true                                   {manageable} {command line}
    ccstr HeapDumpPath                             = c:\Users\27340\AppData\Roaming\Code\User\workspaceStorage\9acc619dd0e5085f1188d10a33151218\redhat.java         {manageable} {command line}
   size_t InitialHeapSize                          = 104857600                                 {product} {command line}
   size_t MaxHeapSize                              = 2147483648                                {product} {command line}
   size_t MaxNewSize                               = 715653120                                 {product} {ergonomic}
   size_t MinHeapDeltaBytes                        = 524288                                    {product} {ergonomic}
   size_t MinHeapSize                              = 104857600                                 {product} {command line}
   size_t NewSize                                  = 34603008                                  {product} {ergonomic}
    uintx NonNMethodCodeHeapSize                   = 7602480                                {pd product} {ergonomic}
    uintx NonProfiledCodeHeapSize                  = 122027880                              {pd product} {ergonomic}
   size_t OldSize                                  = 70254592                                  {product} {ergonomic}
    uintx ProfiledCodeHeapSize                     = 122027880                              {pd product} {ergonomic}
    uintx ReservedCodeCacheSize                    = 251658240                              {pd product} {ergonomic}
     bool SegmentedCodeCache                       = true                                      {product} {ergonomic}
   size_t SoftMaxHeapSize                          = 2147483648                             {manageable} {ergonomic}
     bool UseCompressedOops                        = true                           {product lp64_product} {ergonomic}
     bool UseLargePagesIndividualAllocation        = false                                  {pd product} {ergonomic}
     bool UseParallelGC                            = true                                      {product} {command line}

Logging:
Log output configuration:
 #0: stdout all=off uptime,level,tags foldmultilines=false
 #1: stderr all=off uptime,level,tags foldmultilines=false

Release file:
JAVA_VERSION="21.0.9" 
MODULES="java.base java.compiler java.datatransfer java.xml java.prefs java.desktop java.instrument java.logging java.management java.security.sasl java.naming java.rmi java.management.rmi java.net.http java.scripting java.security.jgss java.transaction.xa java.sql java.sql.rowset java.xml.crypto java.se java.smartcardio jdk.accessibility jdk.internal.jvmstat jdk.attach jdk.charsets jdk.internal.opt jdk.zipfs jdk.compiler jdk.crypto.ec jdk.crypto.cryptoki jdk.crypto.mscapi jdk.dynalink jdk.internal.ed jdk.editpad jdk.hotspot.agent jdk.httpserver jdk.internal.le jdk.internal.vm.ci jdk.internal.vm.compiler jdk.internal.vm.compiler.management jdk.jartool jdk.javadoc jdk.jcmd jdk.management jdk.management.agent jdk.jconsole jdk.jdeps jdk.jdwp.agent jdk.jdi jdk.jfr jdk.jshell jdk.jsobject jdk.jstatd jdk.localedata jdk.management.jfr jdk.naming.dns jdk.naming.rmi jdk.net jdk.nio.mapmode jdk.random jdk.sctp jdk.security.auth jdk.security.jgss jdk.unsupported jdk.unsupported.desktop jdk.xml.dom" 

Environment Variables:
JAVA_HOME=D:\soft\hspjdk8
PATH=D:\VMware\bin\;C:\Program Files\NVIDIA GPU Computing Toolkit\bin;C:\Program Files\NVIDIA GPU Computing Toolkit\libnvvp;C:\Program Files\Common Files\Oracle\Java\javapath;C:\WINDOWS\system32;C:\WINDOWS;C:\WINDOWS\System32\Wbem;C:\WINDOWS\System32\WindowsPowerShell\v1.0\;C:\WINDOWS\System32\OpenSSH\;D:\mingw64\bin;C:\Program Files\Microsoft SQL Server\150\Tools\Binn\;C:\Program Files\Microsoft SQL Server\Client SDK\ODBC\170\Tools\Binn\;C:\Program Files (x86)\Windows Kits\10\Windows Performance Toolkit\;D:\git\Git\cmd;D:\anaconda;D:\anaconda\Scripts;D:\anaconda\Library\bin;C:\Program Files\NVIDIA Corporation\Nsight Compute 2025.1.0\;C:\Program Files (x86)\NVIDIA Corporation\PhysX\Common;C:\Users\27340\vcpkg;D:\XFTP\;D:\apache-tomcat-11.0.4-windows-x64\apache-tomcat-11.0.4\bin;D:\Program Files\NodeJS\;D:\Program Files\NodeJS\node_global\node_modules;D:\XShell\;C:\Program Files\Docker\Docker\resources\bin;D:\Maven\apache-maven-3.9.11-bin\bin;D:\Maven\apache-maven-3.9.11-bin\apache-maven-3.9.11\bin;C:\Program Files\Common Files\Oracle\Java\javapath;C:\Windows\system32;C:\Windows;C:\Windows\System32\Wbem;C:\Windows\System32\WindowsPowerShell\v1.0\;C:\Windows\System32\OpenSSH\;D:\mingw64\bin;C:\Program Files\Microsoft SQL Server\150\Tools\Binn\;C:\Program Files\Microsoft SQL Server\Client SDK\ODBC\170\Tools\Binn\;C:\Program Files (x86)\Windows Kits\10\Windows Performance Toolkit\;C:\Users\27340\AppData\Local\Programs\Python\Python312\Scripts\;C:\Users\27340\AppData\Local\Programs\Python\Python312\;C:\Users\27340\AppData\Local\Microsoft\WindowsApps;C:\Program Files\JetBrains\PyCharm 2023.2\bin;D:\soft\PyCharm Community Edition 2023.3.4\bin;D:\soft\Microsoft VS Code\bin;C:\Users\27340\IntelliJ IDEA 2024.1.4\bin;D:\soft\hspjdk8\bin;c:\Users\27340\.vscode\extensions\ms-python.debugpy-2025.0.0-win32-x64\bundled\scripts\noConfigScripts;D:\git\Git;D:\DataGrip\DataGrip 2024.3.5\bin;D:\soft\webStorm\WebStorm 2024.3.3\bin;C:\Users\27340\AppData\Local\JetBrains\Toolbox\scripts;D:\Program Files\texlive\2023\bin\windows;C:\Users\27340\AppData\Local\Microsoft\WindowsApps;D:\Program Files\NodeJS\node_global;D:\Program Files\pycharm2025\PyCharm 2025.2.3\bin;
USERNAME=27340
OS=Windows_NT
PROCESSOR_IDENTIFIER=Intel64 Family 6 Model 186 Stepping 2, GenuineIntel
TMP=C:\Users\27340\AppData\Local\Temp
TEMP=C:\Users\27340\AppData\Local\Temp




Periodic native trim disabled

---------------  S Y S T E M  ---------------

OS:
 Windows 11 , 64 bit Build 26100 (10.0.26100.7309)
OS uptime: 0 days 22:02 hours
Hyper-V role detected

CPU: total 16 (initial active 16) (8 cores per cpu, 2 threads per core) family 6 model 186 stepping 2 microcode 0x4114, cx8, cmov, fxsr, ht, mmx, 3dnowpref, sse, sse2, sse3, ssse3, sse4.1, sse4.2, popcnt, lzcnt, tsc, tscinvbit, avx, avx2, aes, erms, clmul, bmi1, bmi2, adx, sha, fma, vzeroupper, clflush, clflushopt, clwb, hv, serialize, rdtscp, rdpid, fsrm, f16c, cet_ibt, cet_ss
Processor Information for processor 0
  Max Mhz: 2600, Current Mhz: 1969, Mhz Limit: 2600
Processor Information for processor 1
  Max Mhz: 2600, Current Mhz: 1969, Mhz Limit: 2600
Processor Information for processor 2
  Max Mhz: 2600, Current Mhz: 1969, Mhz Limit: 2600
Processor Information for processor 3
  Max Mhz: 2600, Current Mhz: 1969, Mhz Limit: 2600
Processor Information for processor 4
  Max Mhz: 2600, Current Mhz: 1969, Mhz Limit: 2600
Processor Information for processor 5
  Max Mhz: 2600, Current Mhz: 1969, Mhz Limit: 2600
Processor Information for processor 6
  Max Mhz: 2600, Current Mhz: 1969, Mhz Limit: 2600
Processor Information for processor 7
  Max Mhz: 2600, Current Mhz: 1969, Mhz Limit: 2600
Processor Information for processor 8
  Max Mhz: 2600, Current Mhz: 2600, Mhz Limit: 2600
Processor Information for processor 9
  Max Mhz: 2600, Current Mhz: 2600, Mhz Limit: 2600
Processor Information for processor 10
  Max Mhz: 2600, Current Mhz: 2600, Mhz Limit: 2600
Processor Information for processor 11
  Max Mhz: 2600, Current Mhz: 2600, Mhz Limit: 2600
Processor Information for processor 12
  Max Mhz: 2600, Current Mhz: 2600, Mhz Limit: 2600
Processor Information for processor 13
  Max Mhz: 2600, Current Mhz: 2600, Mhz Limit: 2600
Processor Information for processor 14
  Max Mhz: 2600, Current Mhz: 2600, Mhz Limit: 2600
Processor Information for processor 15
  Max Mhz: 2600, Current Mhz: 2600, Mhz Limit: 2600

Memory: 4k page, system-wide physical 16108M (1168M free)
TotalPageFile size 41708M (AvailPageFile size 3M)
current process WorkingSet (physical memory assigned to process): 22M, peak: 651M
current process commit charge ("private bytes"): 1502M, peak: 1504M

vm_info: OpenJDK 64-Bit Server VM (21.0.9+10-LTS) for windows-amd64 JRE (21.0.9+10-LTS), built on 2025-10-21T00:00:00Z by "admin" with unknown MS VC++:1942

END.
